

*******************************************************************************
Fri Oct 10 12:45:21 2014


FIT:    data read from 'HallLang.dat' u 1:2:3
        format = x:z:s
        #datapoints = 51
function used for fitting: h1(x)
fitted parameters initialized with current variable values



 Iteration 0
 WSSR        : 1.50302e+09       delta(WSSR)/WSSR   : 0
 delta(WSSR) : 0                 limit for stopping : 1e-05
 lambda	  : 5503.94

initial set of free parameter values

mu01            = 1

After 4 iterations the fit converged.
final sum of squares of residuals : 860.337
rel. change during last iteration : -5.28569e-16

degrees of freedom    (FIT_NDF)                        : 50
rms of residuals      (FIT_STDFIT) = sqrt(WSSR/ndf)    : 4.1481
variance of residuals (reduced chisquare) = WSSR/ndf   : 17.2067

Final set of parameters            Asymptotic Standard Error
=======================            ==========================

mu01            = 0.0136683        +/- 0.0001055    (0.7721%)


correlation matrix of the fit parameters:

               mu01   
mu01            1.000 


*******************************************************************************
Fri Oct 10 12:45:21 2014


FIT:    data read from 'IndSpule.dat' u 1:2:3
        format = x:z:s
        #datapoints = 20
function used for fitting: i1(x)
fitted parameters initialized with current variable values



 Iteration 0
 WSSR        : 154811            delta(WSSR)/WSSR   : 0
 delta(WSSR) : 0                 limit for stopping : 1e-05
 lambda	  : 5125.76

initial set of free parameter values

c               = 1
mu01            = 0.0136683

After 9 iterations the fit converged.
final sum of squares of residuals : 9.68385
rel. change during last iteration : -4.89469e-11

degrees of freedom    (FIT_NDF)                        : 18
rms of residuals      (FIT_STDFIT) = sqrt(WSSR/ndf)    : 0.733479
variance of residuals (reduced chisquare) = WSSR/ndf   : 0.537992

Final set of parameters            Asymptotic Standard Error
=======================            ==========================

c               = -27.5163         +/- 0.03808      (0.1384%)
mu01            = 0.0130198        +/- 1.944e-05    (0.1493%)


correlation matrix of the fit parameters:

               c      mu01   
c               1.000 
mu01           -0.376  1.000 


*******************************************************************************
Fri Oct 10 12:45:21 2014


FIT:    data read from 'HallDick.dat' u 1:2:3
        format = x:z:s
        #datapoints = 37
function used for fitting: h2(x)
fitted parameters initialized with current variable values



 Iteration 0
 WSSR        : 6.56137e+08       delta(WSSR)/WSSR   : 0
 delta(WSSR) : 0                 limit for stopping : 1e-05
 lambda	  : 4267.77

initial set of free parameter values

mu02            = 1

After 4 iterations the fit converged.
final sum of squares of residuals : 353.844
rel. change during last iteration : -1.28516e-15

degrees of freedom    (FIT_NDF)                        : 36
rms of residuals      (FIT_STDFIT) = sqrt(WSSR/ndf)    : 3.13512
variance of residuals (reduced chisquare) = WSSR/ndf   : 9.82901

Final set of parameters            Asymptotic Standard Error
=======================            ==========================

mu02            = 0.0132767        +/- 0.0001208    (0.9096%)


correlation matrix of the fit parameters:

               mu02   
mu02            1.000 


*******************************************************************************
Fri Oct 10 12:45:22 2014


FIT:    data read from 'HallHelm.dat' u ($1/100):2:3
        format = x:z:s
        #datapoints = 34
function used for fitting: h3(x)
fitted parameters initialized with current variable values



 Iteration 0
 WSSR        : 3.24359e+09       delta(WSSR)/WSSR   : 0
 delta(WSSR) : 0                 limit for stopping : 1e-05
 lambda	  : 9889.82

initial set of free parameter values

mu03            = 1

After 4 iterations the fit converged.
final sum of squares of residuals : 199.969
rel. change during last iteration : -9.23849e-15

degrees of freedom    (FIT_NDF)                        : 33
rms of residuals      (FIT_STDFIT) = sqrt(WSSR/ndf)    : 2.46164
variance of residuals (reduced chisquare) = WSSR/ndf   : 6.05966

Final set of parameters            Asymptotic Standard Error
=======================            ==========================

mu03            = 0.0123914        +/- 4.269e-05    (0.3445%)


correlation matrix of the fit parameters:

               mu03   
mu03            1.000 
